12:14:38.562 skipping bootstrap configuration: could not find or read file: classpath:karate-config.js
12:14:39.279 request:
1 > GET https://gorest.co.in/public-api/users?first_name=Margarita&status=inactive
1 > Accept-Encoding: gzip,deflate
1 > Authorization: Bearer EouTFXzI1UeiYPqTFI4BE_mFzbc6MnjdQ0l2
1 > Connection: Keep-Alive
1 > Host: gorest.co.in
1 > User-Agent: Apache-HttpClient/4.5.5 (Java/1.8.0_201)

12:14:40.347 response time in milliseconds: 1025.90
1 < 200
1 < Connection: keep-alive
1 < Content-Type: application/json; charset=UTF-8
1 < Date: Tue, 21 Apr 2020 06:44:40 GMT
1 < Link: <https://gorest.co.in/public-api/users?first_name=Margarita&status=inactive&page=1>; rel=self
1 < Server: nginx
1 < Set-Cookie: _csrf=06fc25644602acdeefaf9d7a989227f6cabf0122756b992b378041e147a9c77fa%3A2%3A%7Bi%3A0%3Bs%3A5%3A%22_csrf%22%3Bi%3A1%3Bs%3A32%3A%221SlMw-B5JRHOMH0SStsKZN-JL5dO_A2O%22%3B%7D; path=/; HttpOnly
1 < Transfer-Encoding: chunked
1 < Vary: [Accept-Encoding, Accept]
1 < X-Frame-Options: sameorigin
1 < X-Pagination-Current-Page: 1
1 < X-Pagination-Page-Count: 1
1 < X-Pagination-Per-Page: 20
1 < X-Pagination-Total-Count: 1
1 < X-Rate-Limit-Limit: 50
1 < X-Rate-Limit-Remaining: 49
1 < X-Rate-Limit-Reset: 1
{"_meta":{"success":true,"code":200,"message":"OK. Everything worked as expected.","totalCount":1,"pageCount":1,"currentPage":1,"perPage":20,"rateLimit":{"limit":50,"remaining":49,"reset":1}},"result":[{"id":"842","first_name":"Margarita","last_name":"Cruickshank","gender":"female","dob":"1944-07-10","email":"hamill.katherine@example.org","phone":"+1 (445) 401-4789","website":"http://schuppe.com/","address":"23701 Abshire Forest\nLake Yvette, DC 77948-2827","status":"inactive","_links":{"self":{"href":"https://gorest.co.in/public-api/users/842"},"edit":{"href":"https://gorest.co.in/public-api/users/842"},"avatar":{"href":"https://lorempixel.com/250/250/people/?78701"}}}]}

":"Margarita","last_name":"Cruickshank","gender":"female","dob":"1944-07-10","email":"hamill.katherine@example.org","phone":"+1 (445) 401-4789","website":"http://schuppe.com/","address":"23701 Abshire Forest\nLake Yvette, DC 77948-2827","status":"inactive","_links":{"self":{"href":"https://gorest.co.in/public-api/users/842"},"edit":{"href":"https://gorest.co.in/public-api/users/842"},"avatar":{"href":"https://lorempixel.com/250/250/people/?78701"}}}]}

